<?xml version="1.0" encoding="UTF-8"?>
<!-- Generated by org.testng.reporters.JUnitXMLReporter -->
<testsuite ignored="0" hostname="DMIFDELHOL872" failures="0" tests="2" name="Error Validations Test" time="13.191" errors="0" timestamp="2025-11-20T16:24:25 IST">
  <testcase classname="rahulshettyacademy.tests.ErrorValidationsTest" name="LoginErrorValidation" time="0.76"/>
  <testcase classname="rahulshettyacademy.tests.ErrorValidationsTest" name="ProductErrorValidation" time="2.49"/>
</testsuite> <!-- Error Validations Test -->
