<?xml version="1.0" encoding="UTF-8"?>
<testng-results ignored="0" total="5" passed="5" failed="0" skipped="0">
  <reporter-output>
  </reporter-output>
  <suite started-at="2025-11-20T16:24:11 IST" name="Suite" finished-at="2025-11-20T16:24:40 IST" duration-ms="28458">
    <groups>
      <group name="ErrorHandling">
        <method signature="ErrorValidationsTest.LoginErrorValidation()[pri:0, instance:rahulshettyacademy.tests.ErrorValidationsTest@49b2a47d]" name="LoginErrorValidation" class="rahulshettyacademy.tests.ErrorValidationsTest"/>
      </group> <!-- ErrorHandling -->
      <group name="Purchase">
        <method signature="SubmitOrderTest.submitOrder(java.util.HashMap)[pri:0, instance:rahulshettyacademy.tests.SubmitOrderTest@3ad83a66]" name="submitOrder" class="rahulshettyacademy.tests.SubmitOrderTest"/>
      </group> <!-- Purchase -->
    </groups>
    <test started-at="2025-11-20T16:24:11 IST" name="Error Validations Test" finished-at="2025-11-20T16:24:25 IST" duration-ms="13191">
      <class name="rahulshettyacademy.tests.ErrorValidationsTest">
        <test-method is-config="true" signature="launchApplication()[pri:0, instance:rahulshettyacademy.tests.ErrorValidationsTest@49b2a47d]" started-at="2025-11-20T16:24:11 IST" name="launchApplication" finished-at="2025-11-20T16:24:18 IST" duration-ms="6611" status="PASS">
          <reporter-output>
          </reporter-output>
        </test-method> <!-- launchApplication -->
        <test-method signature="LoginErrorValidation()[pri:0, instance:rahulshettyacademy.tests.ErrorValidationsTest@49b2a47d]" started-at="2025-11-20T16:24:18 IST" name="LoginErrorValidation" finished-at="2025-11-20T16:24:19 IST" duration-ms="760" status="PASS">
          <reporter-output>
          </reporter-output>
        </test-method> <!-- LoginErrorValidation -->
        <test-method is-config="true" signature="tearDown()[pri:0, instance:rahulshettyacademy.tests.ErrorValidationsTest@49b2a47d]" started-at="2025-11-20T16:24:19 IST" name="tearDown" finished-at="2025-11-20T16:24:19 IST" duration-ms="170" status="PASS">
          <reporter-output>
          </reporter-output>
        </test-method> <!-- tearDown -->
        <test-method is-config="true" signature="launchApplication()[pri:0, instance:rahulshettyacademy.tests.ErrorValidationsTest@49b2a47d]" started-at="2025-11-20T16:24:19 IST" name="launchApplication" finished-at="2025-11-20T16:24:22 IST" duration-ms="2875" status="PASS">
          <reporter-output>
          </reporter-output>
        </test-method> <!-- launchApplication -->
        <test-method signature="ProductErrorValidation()[pri:0, instance:rahulshettyacademy.tests.ErrorValidationsTest@49b2a47d]" started-at="2025-11-20T16:24:22 IST" name="ProductErrorValidation" finished-at="2025-11-20T16:24:24 IST" duration-ms="2490" status="PASS">
          <reporter-output>
          </reporter-output>
        </test-method> <!-- ProductErrorValidation -->
        <test-method is-config="true" signature="tearDown()[pri:0, instance:rahulshettyacademy.tests.ErrorValidationsTest@49b2a47d]" started-at="2025-11-20T16:24:24 IST" name="tearDown" finished-at="2025-11-20T16:24:25 IST" duration-ms="167" status="PASS">
          <reporter-output>
          </reporter-output>
        </test-method> <!-- tearDown -->
      </class> <!-- rahulshettyacademy.tests.ErrorValidationsTest -->
    </test> <!-- Error Validations Test -->
    <test started-at="2025-11-20T16:24:11 IST" name="Submit Order Test" finished-at="2025-11-20T16:24:40 IST" duration-ms="28458">
      <class name="rahulshettyacademy.tests.SubmitOrderTest">
        <test-method is-config="true" signature="launchApplication()[pri:0, instance:rahulshettyacademy.tests.SubmitOrderTest@3ad83a66]" started-at="2025-11-20T16:24:12 IST" name="launchApplication" finished-at="2025-11-20T16:24:18 IST" duration-ms="6014" status="PASS">
          <reporter-output>
          </reporter-output>
        </test-method> <!-- launchApplication -->
        <test-method signature="submitOrder(java.util.HashMap)[pri:0, instance:rahulshettyacademy.tests.SubmitOrderTest@3ad83a66]" started-at="2025-11-20T16:24:18 IST" name="submitOrder" data-provider="getData" finished-at="2025-11-20T16:24:25 IST" duration-ms="7355" status="PASS">
          <params>
            <param index="0">
              <value>
                <![CDATA[{password=Rahultyagi@230, product=ZARA COAT 3, email=vahidtyagi007@gmail.com}]]>
              </value>
            </param>
          </params>
          <reporter-output>
          </reporter-output>
        </test-method> <!-- submitOrder -->
        <test-method is-config="true" signature="tearDown()[pri:0, instance:rahulshettyacademy.tests.SubmitOrderTest@3ad83a66]" started-at="2025-11-20T16:24:25 IST" name="tearDown" finished-at="2025-11-20T16:24:26 IST" duration-ms="144" status="PASS">
          <reporter-output>
          </reporter-output>
        </test-method> <!-- tearDown -->
        <test-method is-config="true" signature="launchApplication()[pri:0, instance:rahulshettyacademy.tests.SubmitOrderTest@3ad83a66]" started-at="2025-11-20T16:24:26 IST" name="launchApplication" finished-at="2025-11-20T16:24:28 IST" duration-ms="2550" status="PASS">
          <reporter-output>
          </reporter-output>
        </test-method> <!-- launchApplication -->
        <test-method signature="submitOrder(java.util.HashMap)[pri:0, instance:rahulshettyacademy.tests.SubmitOrderTest@3ad83a66]" started-at="2025-11-20T16:24:28 IST" name="submitOrder" data-provider="getData" finished-at="2025-11-20T16:24:36 IST" duration-ms="7803" status="PASS">
          <params>
            <param index="0">
              <value>
                <![CDATA[{password=Rahultyagi@230, product=ADIDAS ORIGINAL, email=vahidtyagi007007@gmail.com}]]>
              </value>
            </param>
          </params>
          <reporter-output>
          </reporter-output>
        </test-method> <!-- submitOrder -->
        <test-method is-config="true" signature="tearDown()[pri:0, instance:rahulshettyacademy.tests.SubmitOrderTest@3ad83a66]" started-at="2025-11-20T16:24:36 IST" name="tearDown" finished-at="2025-11-20T16:24:36 IST" duration-ms="105" status="PASS">
          <reporter-output>
          </reporter-output>
        </test-method> <!-- tearDown -->
        <test-method is-config="true" signature="launchApplication()[pri:0, instance:rahulshettyacademy.tests.SubmitOrderTest@3ad83a66]" started-at="2025-11-20T16:24:36 IST" name="launchApplication" finished-at="2025-11-20T16:24:39 IST" duration-ms="2738" status="PASS">
          <reporter-output>
          </reporter-output>
        </test-method> <!-- launchApplication -->
        <test-method signature="OrderHistoryTest()[pri:0, instance:rahulshettyacademy.tests.SubmitOrderTest@3ad83a66]" started-at="2025-11-20T16:24:39 IST" name="OrderHistoryTest" finished-at="2025-11-20T16:24:40 IST" depends-on-methods="rahulshettyacademy.tests.SubmitOrderTest.submitOrder" duration-ms="933" status="PASS">
          <reporter-output>
          </reporter-output>
        </test-method> <!-- OrderHistoryTest -->
        <test-method is-config="true" signature="tearDown()[pri:0, instance:rahulshettyacademy.tests.SubmitOrderTest@3ad83a66]" started-at="2025-11-20T16:24:40 IST" name="tearDown" finished-at="2025-11-20T16:24:40 IST" duration-ms="110" status="PASS">
          <reporter-output>
          </reporter-output>
        </test-method> <!-- tearDown -->
      </class> <!-- rahulshettyacademy.tests.SubmitOrderTest -->
    </test> <!-- Submit Order Test -->
  </suite> <!-- Suite -->
</testng-results>
