<?xml version="1.0" encoding="UTF-8"?>
<!-- Generated by org.testng.reporters.JUnitReportReporter -->
<testsuite hostname="DMIFDELHOL872" failures="0" tests="3" name="rahulshettyacademy.tests.StandAloneTest" time="23.915" errors="0" timestamp="19 Nov 2025 06:38:38 GMT" skipped="0">
  <testcase classname="rahulshettyacademy.tests.StandAloneTest" name="submitOrder" time="10.135"/>
  <testcase classname="rahulshettyacademy.tests.StandAloneTest" name="submitOrder" time="8.825"/>
  <testcase classname="rahulshettyacademy.tests.StandAloneTest" name="OrderHistoryTest" time="4.955"/>
</testsuite> <!-- rahulshettyacademy.tests.StandAloneTest -->
