<?xml version="1.0" encoding="UTF-8"?>
<!-- Generated by org.testng.reporters.JUnitReportReporter -->
<testsuite hostname="DMIFDELHOL872" failures="0" tests="2" name="rahulshettyacademy.tests.ErrorValidationsTest" time="13.073" errors="0" timestamp="2025-11-20T16:24:40 IST" skipped="0">
  <testcase classname="rahulshettyacademy.tests.ErrorValidationsTest" name="ProductErrorValidation" time="5.532"/>
  <testcase classname="rahulshettyacademy.tests.ErrorValidationsTest" name="LoginErrorValidation" time="7.541"/>
</testsuite> <!-- rahulshettyacademy.tests.ErrorValidationsTest -->
