<?xml version="1.0" encoding="UTF-8"?>
<!-- Generated by org.testng.reporters.JUnitReportReporter -->
<testsuite hostname="DMIFDELHOL872" failures="0" tests="3" name="rahulshettyacademy.tests.SubmitOrderTest" time="27.752" errors="0" timestamp="2025-11-20T16:24:40 IST" skipped="0">
  <testcase classname="rahulshettyacademy.tests.SubmitOrderTest" name="submitOrder" time="13.479"/>
  <testcase classname="rahulshettyacademy.tests.SubmitOrderTest" name="OrderHistoryTest" time="3.815"/>
  <testcase classname="rahulshettyacademy.tests.SubmitOrderTest" name="submitOrder" time="10.458"/>
</testsuite> <!-- rahulshettyacademy.tests.SubmitOrderTest -->
